<?xml version="1.0" encoding="UTF-8"?>
<robot generator="Robot 7.0 (Python 3.12.2 on win32)" generated="2024-04-22T10:12:59.924510" rpa="false" schemaversion="5">
<suite id="s1" name="Sandhi" source="c:\Vs_code_Projects\new_robot\sandhi.robot">
<test id="s1-t1" name="test1" line="8">
<kw name="Log" owner="BuiltIn">
<msg time="2024-04-22T10:13:00.073055" level="INFO">sandhiaakib</msg>
<arg>${demo}</arg>
<doc>Logs the given message with the given level.</doc>
<status status="PASS" start="2024-04-22T10:13:00.073055" elapsed="0.000000"/>
</kw>
<status status="PASS" start="2024-04-22T10:13:00.073055" elapsed="0.000000"/>
</test>
<status status="PASS" start="2024-04-22T10:12:59.932289" elapsed="0.140766"/>
</suite>
<statistics>
<total>
<stat pass="1" fail="0" skip="0">All Tests</stat>
</total>
<tag>
</tag>
<suite>
<stat pass="1" fail="0" skip="0" id="s1" name="Sandhi">Sandhi</stat>
</suite>
</statistics>
<errors>
</errors>
</robot>
